[2/22/2026 3:10:14 PM] === AutoRip Started ===
[2/22/2026 3:10:14 PM] Starting MakeMKV scan...
[2/22/2026 3:11:52 PM] MakeMKV scan completed. Parsing...
[2/22/2026 3:11:52 PM] Detected disc name: TWO_TOWERS
[2/22/2026 3:13:45 PM] MakeMKV found 1 valid titles.
[2/22/2026 3:13:45 PM] Beginning main execution flow...
[2/22/2026 3:13:55 PM] Detecting movie versions...
[2/22/2026 3:13:55 PM] Only one valid title no version suffix required.
[2/22/2026 3:13:55 PM] Ripping movie disc: The Lord of the Rings: The Two Towers (2002)
[2/22/2026 3:13:55 PM] Created movie folder: C:\Users\dusti\Videos\The Lord of the Rings- The Two Towers (2002)
[2/22/2026 3:13:55 PM] Ripping title 0 to: C:\Users\dusti\Videos\The Lord of the Rings- The Two Towers (2002)\The Lord of the Rings- The Two Towers (2002).mkv
[2/22/2026 3:13:55 PM] Running: "C:\Program Files (x86)\MakeMKV\makemkvcon.exe" mkv disc:0 0 "C:\Users\dusti\Videos\The Lord of the Rings- The Two Towers (2002)" --minlength=120 --subtitle=eng
[2/22/2026 3:58:44 PM] Renaming ripped file: A1_t00.mkv The Lord of the Rings- The Two Towers (2002).mkv
[2/22/2026 3:58:44 PM] Generating summary...
[2/22/2026 3:58:44 PM] ===============================================
[2/22/2026 3:58:44 PM]  AutoRip Summary
[2/22/2026 3:58:44 PM] ===============================================
[2/22/2026 3:58:44 PM] Disc Name: Lord of the Rings - Two Towers
[2/22/2026 3:58:44 PM] Disc Type: Movie
[2/22/2026 3:58:44 PM] Year: 2002
[2/22/2026 3:58:44 PM] Movie Title: Lord of the Rings - Two Towers
[2/22/2026 3:58:44 PM] 
[2/22/2026 3:58:44 PM] Ripped Versions:
[2/22/2026 3:58:44 PM]   Title 0: (Theatrical)
[2/22/2026 3:58:44 PM] 
[2/22/2026 3:58:44 PM] Output Files:
[2/22/2026 3:58:44 PM]   [2/22/2026 3:13:55 PM] Ripping movie disc: The Lord of the Rings: The Two Towers (2002)
[2/22/2026 3:58:44 PM]   [2/22/2026 3:13:55 PM] Ripping title 0 to: C:\Users\dusti\Videos\The Lord of the Rings- The Two Towers (2002)\The Lord of the Rings- The Two Towers (2002).mkv
[2/22/2026 3:58:44 PM]   [2/22/2026 3:13:55 PM] Running: "C:\Program Files (x86)\MakeMKV\makemkvcon.exe" mkv disc:0 0 "C:\Users\dusti\Videos\The Lord of the Rings- The Two Towers (2002)" --minlength=120 --subtitle=eng
[2/22/2026 3:58:44 PM]   MakeMKV v1.18.3 win(x86-release) started
[2/22/2026 3:58:44 PM]   You are running a 32-bit (x86) version of a program. Eventually this will be deprecated in upcoming versions, please upgrade to a processor manufactured during last 10 years...
[2/22/2026 3:58:44 PM]   Using direct disc access mode
[2/22/2026 3:58:44 PM]   Title #1 was added (56 cell(s), 2:58:57)
[2/22/2026 3:58:44 PM]   Operation successfully completed
[2/22/2026 3:58:44 PM]   Saving 1 titles into directory file://C:\Users\dusti\Videos\The Lord of the Rings- The Two Towers (2002)
[2/22/2026 3:58:44 PM]   1 titles saved
[2/22/2026 3:58:44 PM]   Copy complete. 1 titles saved.
[2/22/2026 3:58:44 PM]   [2/22/2026 3:58:44 PM] Renaming ripped file: A1_t00.mkv The Lord of the Rings- The Two Towers (2002).mkv
[2/22/2026 3:58:44 PM]   C:\Users\dusti\Videos\The Lord of the Rings- The Two Towers (2002)\The Lord of the Rings- The Two Towers (2002).mkv
[2/22/2026 3:58:44 PM] ===============================================
[2/22/2026 3:58:44 PM]  AutoRip Completed Successfully
[2/22/2026 3:58:44 PM] ===============================================
[2/22/2026 3:58:44 PM] Prompting user for disc eject...
[2/22/2026 8:00:37 PM] Ejecting disc...
[2/22/2026 8:00:37 PM] === AutoRip Completed ===
