[2/15/2026 12:07:53 PM] === AutoRip Started ===
[2/15/2026 12:07:53 PM] Starting MakeMKV scan...
[2/15/2026 12:08:46 PM] MakeMKV scan completed. Parsing...
[2/15/2026 12:08:46 PM] Detected disc name: GI_JOE_AC
[2/15/2026 12:09:00 PM] MakeMKV found 1 valid titles.
[2/15/2026 12:09:00 PM] Beginning main execution flow...
[2/15/2026 12:09:04 PM] Detecting movie versions...
[2/15/2026 12:09:04 PM] Only one valid title no version suffix required.
[2/15/2026 12:09:04 PM] Ripping movie disc: G.I. Joe: The Rise of Cobra (2009)
[2/15/2026 12:09:04 PM] Created movie folder: F:\Movies\G.I. Joe: The Rise of Cobra (2009)
[2/15/2026 12:09:04 PM] Ripping title 0 to: [2/15/2026 12:09:04 PM] Created movie folder: F:\Movies\G.I. Joe: The Rise of Cobra (2009) F:\Movies\G.I. Joe: The Rise of Cobra (2009)\G.I. Joe: The Rise of Cobra (2009).mkv
[2/15/2026 12:09:04 PM] Running: "C:\Program Files (x86)\MakeMKV\makemkvcon.exe" mkv disc:0 0 "[2/15/2026 12:09:04 PM] Created movie folder: F:\Movies\G.I. Joe: The Rise of Cobra (2009) F:\Movies\G.I. Joe: The Rise of Cobra (2009)" --minlength=120 --subtitle=eng
[2/15/2026 12:11:28 PM] ERROR: MakeMKV did not produce an output file for title 0.
[2/15/2026 12:11:28 PM] Generating summary...
[2/15/2026 12:11:29 PM] ===============================================
[2/15/2026 12:11:29 PM]  AutoRip Summary
[2/15/2026 12:11:29 PM] ===============================================
[2/15/2026 12:11:29 PM] Disc Name: GI Joe
[2/15/2026 12:11:29 PM] Disc Type: Movie
[2/15/2026 12:11:29 PM] Year: 2009
[2/15/2026 12:11:29 PM] Movie Title: GI Joe
[2/15/2026 12:11:29 PM] 
[2/15/2026 12:11:29 PM] Ripped Versions:
[2/15/2026 12:11:29 PM]   Title 0: (Theatrical)
[2/15/2026 12:11:29 PM] 
[2/15/2026 12:11:29 PM] Output Files:
[2/15/2026 12:11:29 PM]   [2/15/2026 12:09:04 PM] Ripping movie disc: G.I. Joe: The Rise of Cobra (2009)
[2/15/2026 12:11:29 PM]   [2/15/2026 12:09:04 PM] Ripping title 0 to: [2/15/2026 12:09:04 PM] Created movie folder: F:\Movies\G.I. Joe: The Rise of Cobra (2009) F:\Movies\G.I. Joe: The Rise of Cobra (2009)\G.I. Joe: The Rise of Cobra (2009).mkv
[2/15/2026 12:11:29 PM]   [2/15/2026 12:09:04 PM] Running: "C:\Program Files (x86)\MakeMKV\makemkvcon.exe" mkv disc:0 0 "[2/15/2026 12:09:04 PM] Created movie folder: F:\Movies\G.I. Joe: The Rise of Cobra (2009) F:\Movies\G.I. Joe: The Rise of Cobra (2009)" --minlength=120 --subtitle=eng
[2/15/2026 12:11:29 PM]   MakeMKV v1.18.3 win(x86-release) started
[2/15/2026 12:11:29 PM]   You are running a 32-bit (x86) version of a program. Eventually this will be deprecated in upcoming versions, please upgrade to a processor manufactured during last 10 years...
[2/15/2026 12:11:29 PM]   Error 'Scsi error - MEDIUM ERROR:UNRECOVERED READ ERROR' occurred while reading 'DVD+R-DL HL-DT-ST DVDRAM SP60NB50 1.00 KZ4DCTE3058' at offset '524288'
[2/15/2026 12:11:29 PM]   Error 'Scsi error - MEDIUM ERROR:UNRECOVERED READ ERROR' occurred while reading 'DVD+R-DL HL-DT-ST DVDRAM SP60NB50 1.00 KZ4DCTE3058' at offset '1048576'
[2/15/2026 12:11:29 PM]   Error 'Scsi error - MEDIUM ERROR:UNRECOVERED READ ERROR' occurred while reading 'DVD+R-DL HL-DT-ST DVDRAM SP60NB50 1.00 KZ4DCTE3058' at offset '32768'
[2/15/2026 12:11:29 PM]   Failed to open disc
[2/15/2026 12:11:29 PM]   [2/15/2026 12:11:28 PM] ERROR: MakeMKV did not produce an output file for title 0.
[2/15/2026 12:11:29 PM]   [2/15/2026 12:09:04 PM] Created movie folder: F:\Movies\G.I. Joe: The Rise of Cobra (2009)
[2/15/2026 12:11:29 PM]   F:\Movies\G.I. Joe: The Rise of Cobra (2009)\G.I. Joe: The Rise of Cobra (2009).mkv
[2/15/2026 12:11:29 PM] ===============================================
[2/15/2026 12:11:29 PM]  AutoRip Completed Successfully
[2/15/2026 12:11:29 PM] ===============================================
[2/15/2026 12:11:29 PM] Prompting user for disc eject...
[2/15/2026 12:11:56 PM] User chose not to eject disc.
[2/15/2026 12:11:56 PM] === AutoRip Completed ===
