[2/15/2026 2:05:04 PM] === AutoRip Started ===
[2/15/2026 2:05:04 PM] Starting MakeMKV scan...
[2/15/2026 2:05:52 PM] MakeMKV scan completed. Parsing...
[2/15/2026 2:05:52 PM] Detected disc name: GI_JOE_AC
[2/15/2026 2:06:04 PM] MakeMKV found 1 valid titles.
[2/15/2026 2:06:04 PM] Beginning main execution flow...
[2/15/2026 2:06:08 PM] Detecting movie versions...
[2/15/2026 2:06:08 PM] Only one valid title no version suffix required.
[2/15/2026 2:06:08 PM] Ripping movie disc: G.I. Joe: The Rise of Cobra (2009)
[2/15/2026 2:06:08 PM] Ripping title 0 to: 
[2/15/2026 2:06:08 PM] Running: "C:\Program Files (x86)\MakeMKV\makemkvcon.exe" mkv disc:0 0 "" --minlength=120 --subtitle=eng
[2/15/2026 2:06:17 PM] ERROR: MakeMKV did not produce an output file for title 0.
[2/15/2026 2:06:17 PM] Generating summary...
[2/15/2026 2:06:17 PM] ===============================================
[2/15/2026 2:06:17 PM]  AutoRip Summary
[2/15/2026 2:06:17 PM] ===============================================
[2/15/2026 2:06:17 PM] Disc Name: GI Joe
[2/15/2026 2:06:17 PM] Disc Type: Movie
[2/15/2026 2:06:17 PM] Year: 2009
[2/15/2026 2:06:17 PM] Movie Title: GI Joe
[2/15/2026 2:06:17 PM] 
[2/15/2026 2:06:17 PM] Ripped Versions:
[2/15/2026 2:06:17 PM]   Title 0: (Theatrical)
[2/15/2026 2:06:17 PM] 
[2/15/2026 2:06:17 PM] Output Files:
[2/15/2026 2:06:17 PM]   [2/15/2026 2:06:08 PM] Ripping movie disc: G.I. Joe: The Rise of Cobra (2009)
[2/15/2026 2:06:17 PM]   [2/15/2026 2:06:08 PM] Ripping title 0 to: 
[2/15/2026 2:06:17 PM]   [2/15/2026 2:06:08 PM] Running: "C:\Program Files (x86)\MakeMKV\makemkvcon.exe" mkv disc:0 0 "" --minlength=120 --subtitle=eng
[2/15/2026 2:06:17 PM]   MakeMKV v1.18.3 win(x86-release) started
[2/15/2026 2:06:17 PM]   You are running a 32-bit (x86) version of a program. Eventually this will be deprecated in upcoming versions, please upgrade to a processor manufactured during last 10 years...
[2/15/2026 2:06:17 PM]   Use: makemkvcon [switches] Command [Parameters]
[2/15/2026 2:06:17 PM]   
[2/15/2026 2:06:17 PM]   Commands:
[2/15/2026 2:06:17 PM]     info <source>
[2/15/2026 2:06:17 PM]         prints info about disc
[2/15/2026 2:06:17 PM]     mkv <source> <title id> <destination folder>
[2/15/2026 2:06:17 PM]         saves a single title to mkv file
[2/15/2026 2:06:17 PM]     backup <source> <destination folder>
[2/15/2026 2:06:17 PM]         backs up disc to a hard drive
[2/15/2026 2:06:17 PM]     f <args>
[2/15/2026 2:06:17 PM]         run universal firmware tool
[2/15/2026 2:06:17 PM]     reg <key string or file name>
[2/15/2026 2:06:17 PM]         enter registration key into program
[2/15/2026 2:06:17 PM]   
[2/15/2026 2:06:17 PM]   Source specification:
[2/15/2026 2:06:17 PM]     iso:<FileName>    - open iso image <FileName>
[2/15/2026 2:06:17 PM]     file:<FolderName> - open files in folder <FolderName>
[2/15/2026 2:06:17 PM]     disc:<DiscId>     - open disc with id <DiscId> (see list Command)
[2/15/2026 2:06:17 PM]     dev:<DeviceName>  - open disc with OS device name <DeviceName>
[2/15/2026 2:06:17 PM]   
[2/15/2026 2:06:17 PM]   Switches:
[2/15/2026 2:06:17 PM]     -r --robot        - turn on "robot" mode, see http://www.makemkv.com/developers
[2/15/2026 2:06:17 PM]   [2/15/2026 2:06:17 PM] ERROR: MakeMKV did not produce an output file for title 0.
[2/15/2026 2:06:17 PM]   F:\Movies\G.I. Joe- The Rise of Cobra (2009)\G.I. Joe- The Rise of Cobra (2009).mkv
[2/15/2026 2:06:17 PM] ===============================================
[2/15/2026 2:06:17 PM]  AutoRip Completed Successfully
[2/15/2026 2:06:17 PM] ===============================================
[2/15/2026 2:06:17 PM] Prompting user for disc eject...
[2/15/2026 2:06:43 PM] User chose not to eject disc.
[2/15/2026 2:06:43 PM] === AutoRip Completed ===
