[2/15/2026 1:04:56 PM] === AutoRip Started ===
[2/15/2026 1:04:56 PM] Starting MakeMKV scan...
[2/15/2026 1:07:25 PM] MakeMKV scan completed. Parsing...
[2/15/2026 1:07:25 PM] Detected disc name: Unknown_Disc
[2/15/2026 1:07:46 PM] MakeMKV found 0 valid titles.
[2/15/2026 1:07:46 PM] Beginning main execution flow...
[2/15/2026 1:07:47 PM] Using HandBrake fallback titles...
[2/15/2026 1:07:47 PM] Starting HandBrakeCLI fallback scan...
[2/15/2026 2:01:03 PM] HandBrakeCLI fallback scan failed.
[2/15/2026 2:02:01 PM] Detecting movie versions...
[2/15/2026 2:02:01 PM] Assigned Theatrical to title .
[2/15/2026 2:02:01 PM] Ripping movie disc: G.I. Joe: The Rise of Cobra (2009)
[2/15/2026 2:02:01 PM] Generating summary...
[2/15/2026 2:02:01 PM] ===============================================
[2/15/2026 2:02:01 PM]  AutoRip Summary
[2/15/2026 2:02:01 PM] ===============================================
[2/15/2026 2:02:01 PM] Disc Name: GI Joe
[2/15/2026 2:02:01 PM] Disc Type: Movie
[2/15/2026 2:02:01 PM] Year: 2009
[2/15/2026 2:02:01 PM] Movie Title: GI Joe
[2/15/2026 2:02:01 PM] 
[2/15/2026 2:02:01 PM] Ripped Versions:
[2/15/2026 2:02:01 PM]   Title : (Theatrical)
[2/15/2026 2:02:01 PM]   Title : (Theatrical)
[2/15/2026 2:02:01 PM]   Title : (Theatrical)
[2/15/2026 2:02:01 PM] 
[2/15/2026 2:02:01 PM] Output Files:
[2/15/2026 2:02:01 PM]   [2/15/2026 2:02:01 PM] Ripping movie disc: G.I. Joe: The Rise of Cobra (2009)
[2/15/2026 2:02:01 PM] ===============================================
[2/15/2026 2:02:01 PM]  AutoRip Completed Successfully
[2/15/2026 2:02:01 PM] ===============================================
[2/15/2026 2:02:01 PM] Prompting user for disc eject...
[2/15/2026 2:02:54 PM] User chose not to eject disc.
[2/15/2026 2:02:54 PM] === AutoRip Completed ===
