[2/14/2026 8:09:06 PM] === AutoRip Started ===
[2/14/2026 8:09:06 PM] Starting MakeMKV scan...
[2/14/2026 8:10:11 PM] MakeMKV scan completed. Parsing...
[2/14/2026 8:10:11 PM] Detected disc name: JACK_REACHER
[2/14/2026 8:10:12 PM] MakeMKV found 1 valid titles.
[2/14/2026 8:10:12 PM] Beginning main execution flow...
[2/14/2026 8:10:30 PM] Detecting movie versions...
[2/14/2026 8:10:30 PM] Only one valid title no version suffix required.
[2/14/2026 8:10:44 PM] Ripping movie disc: Jack Reacher (2012)
[2/14/2026 8:11:39 PM] Ripping title 0 to: F:\Movies\Jack Reacher (2012)\Jack Reacher (2012).mkv
[2/14/2026 8:12:17 PM] Running: "C:\Program Files (x86)\MakeMKV\makemkvcon.exe" mkv disc:0 0 "F:\Movies\Jack Reacher (2012)" --minlength=120 --subtitle=eng
[2/14/2026 8:46:16 PM] ERROR: MakeMKV did not produce an output file for title 0.
[2/14/2026 8:46:33 PM] Generating summary...
[2/14/2026 8:46:34 PM] ===============================================
[2/14/2026 8:46:34 PM]  AutoRip Summary
[2/14/2026 8:46:34 PM] ===============================================
[2/14/2026 8:46:34 PM] Disc Name: JACK_REACHER
[2/14/2026 8:46:34 PM] Disc Type: Movie
[2/14/2026 8:46:34 PM] Year: 2012
[2/14/2026 8:46:34 PM] Movie Title: JACK_REACHER
[2/14/2026 8:46:34 PM] 
[2/14/2026 8:46:34 PM] Ripped Versions:
[2/14/2026 8:46:34 PM]   Title 0: (Theatrical)
[2/14/2026 8:46:34 PM] 
[2/14/2026 8:46:34 PM] Output Files:
[2/14/2026 8:46:34 PM]   [2/14/2026 8:10:44 PM] Ripping movie disc: Jack Reacher (2012)
[2/14/2026 8:46:34 PM]   [2/14/2026 8:11:39 PM] Ripping title 0 to: F:\Movies\Jack Reacher (2012)\Jack Reacher (2012).mkv
[2/14/2026 8:46:34 PM]   [2/14/2026 8:12:17 PM] Running: "C:\Program Files (x86)\MakeMKV\makemkvcon.exe" mkv disc:0 0 "F:\Movies\Jack Reacher (2012)" --minlength=120 --subtitle=eng
[2/14/2026 8:46:34 PM]   MakeMKV v1.18.3 win(x86-release) started
[2/14/2026 8:46:34 PM]   You are running a 32-bit (x86) version of a program. Eventually this will be deprecated in upcoming versions, please upgrade to a processor manufactured during last 10 years...
[2/14/2026 8:46:34 PM]   Using direct disc access mode
[2/14/2026 8:46:34 PM]   IFO file for VTS #12 is corrupt, VOB file must be scanned. This may take very long time, please be patient.
[2/14/2026 8:46:34 PM]   Cells 34-34 were removed from title end
[2/14/2026 8:46:34 PM]   Title #40 was added (33 cell(s), 2:10:02)
[2/14/2026 8:46:34 PM]   Title #90 has length of 35 seconds which is less than minimum title length of 120 seconds and was therefore skipped
[2/14/2026 8:46:34 PM]   Title #91 was added (11 cell(s), 0:06:27)
[2/14/2026 8:46:34 PM]   Title #92 was added (8 cell(s), 0:06:27)
[2/14/2026 8:46:34 PM]   Title #97 was added (10 cell(s), 0:09:01)
[2/14/2026 8:46:34 PM]   Cells 15-15 were removed from title end
[2/14/2026 8:46:34 PM]   Title #98 was added (14 cell(s), 0:09:01)
[2/14/2026 8:46:34 PM]   Operation successfully completed
[2/14/2026 8:46:34 PM]   Saving 1 titles into directory file://F:\Movies\Jack Reacher (2012)
[2/14/2026 8:46:34 PM]   1 titles saved
[2/14/2026 8:46:34 PM]   Copy complete. 1 titles saved.
[2/14/2026 8:46:34 PM]   [2/14/2026 8:46:16 PM] ERROR: MakeMKV did not produce an output file for title 0.
[2/14/2026 8:46:34 PM]   F:\Movies\Jack Reacher (2012)\Jack Reacher (2012).mkv
[2/14/2026 8:46:34 PM] ===============================================
[2/14/2026 8:46:34 PM]  AutoRip Completed Successfully
[2/14/2026 8:46:34 PM] ===============================================
[2/14/2026 8:46:34 PM] Prompting user for disc eject...
[2/14/2026 8:49:03 PM] Ejecting disc...
[2/14/2026 8:49:04 PM] === AutoRip Completed ===
