[2/15/2026 2:14:53 PM] === AutoRip Started ===
[2/15/2026 2:14:53 PM] Starting MakeMKV scan...
[2/15/2026 2:15:47 PM] MakeMKV scan completed. Parsing...
[2/15/2026 2:15:47 PM] Detected disc name: GI_JOE_AC
[2/15/2026 2:16:05 PM] MakeMKV found 1 valid titles.
[2/15/2026 2:16:05 PM] Beginning main execution flow...
[2/15/2026 2:16:07 PM] Detecting movie versions...
[2/15/2026 2:16:07 PM] Only one valid title no version suffix required.
[2/15/2026 2:16:07 PM] Ripping movie disc: G.I. Joe: The Rise of Cobra (2009)
[2/15/2026 2:16:07 PM] Ripping title 0 to: F:\Movies\G.I. Joe- The Rise of Cobra (2009)\G.I. Joe- The Rise of Cobra (2009).mkv
[2/15/2026 2:16:22 PM] Running: "C:\Program Files (x86)\MakeMKV\makemkvcon.exe" mkv disc:0 0 "F:\Movies\G.I. Joe- The Rise of Cobra (2009)" --minlength=120 --subtitle=eng
[2/15/2026 2:17:52 PM] ERROR: MakeMKV did not produce an output file for title 0.
[2/15/2026 2:17:52 PM] Generating summary...
[2/15/2026 2:17:53 PM] ===============================================
[2/15/2026 2:17:53 PM]  AutoRip Summary
[2/15/2026 2:17:53 PM] ===============================================
[2/15/2026 2:17:53 PM] Disc Name: GI Joe
[2/15/2026 2:17:53 PM] Disc Type: Movie
[2/15/2026 2:17:53 PM] Year: 2009
[2/15/2026 2:17:53 PM] Movie Title: GI Joe
[2/15/2026 2:17:53 PM] 
[2/15/2026 2:17:53 PM] Ripped Versions:
[2/15/2026 2:17:53 PM]   Title 0: (Theatrical)
[2/15/2026 2:17:53 PM] 
[2/15/2026 2:17:53 PM] Output Files:
[2/15/2026 2:17:53 PM]   [2/15/2026 2:16:07 PM] Ripping movie disc: G.I. Joe: The Rise of Cobra (2009)
[2/15/2026 2:17:53 PM]   [2/15/2026 2:16:07 PM] Ripping title 0 to: F:\Movies\G.I. Joe- The Rise of Cobra (2009)\G.I. Joe- The Rise of Cobra (2009).mkv
[2/15/2026 2:17:53 PM]   [2/15/2026 2:16:22 PM] Running: "C:\Program Files (x86)\MakeMKV\makemkvcon.exe" mkv disc:0 0 "F:\Movies\G.I. Joe- The Rise of Cobra (2009)" --minlength=120 --subtitle=eng
[2/15/2026 2:17:53 PM]   MakeMKV v1.18.3 win(x86-release) started
[2/15/2026 2:17:53 PM]   You are running a 32-bit (x86) version of a program. Eventually this will be deprecated in upcoming versions, please upgrade to a processor manufactured during last 10 years...
[2/15/2026 2:17:53 PM]   Using direct disc access mode
[2/15/2026 2:17:53 PM]   Calculated BUP offset for VTS #0 does not match one in IFO header.
[2/15/2026 2:17:53 PM]   Calculated BUP offset for VTS #3 does not match one in IFO header.
[2/15/2026 2:17:53 PM]   Calculated BUP offset for VTS #4 does not match one in IFO header.
[2/15/2026 2:17:53 PM]   Calculated BUP offset for VTS #5 does not match one in IFO header.
[2/15/2026 2:17:53 PM]   Calculated BUP offset for VTS #6 does not match one in IFO header.
[2/15/2026 2:17:53 PM]   Calculated BUP offset for VTS #7 does not match one in IFO header.
[2/15/2026 2:17:53 PM]   Calculated BUP offset for VTS #8 does not match one in IFO header.
[2/15/2026 2:17:53 PM]   Calculated BUP offset for VTS #9 does not match one in IFO header.
[2/15/2026 2:17:53 PM]   Calculated BUP offset for VTS #11 does not match one in IFO header.
[2/15/2026 2:17:53 PM]   Calculated BUP offset for VTS #12 does not match one in IFO header.
[2/15/2026 2:17:53 PM]   Calculated BUP offset for VTS #13 does not match one in IFO header.
[2/15/2026 2:17:53 PM]   Calculated BUP offset for VTS #14 does not match one in IFO header.
[2/15/2026 2:17:53 PM]   Cells 1-8 were removed from title start
[2/15/2026 2:17:53 PM]   Title #10 was added (38 cell(s), 1:57:31)
[2/15/2026 2:17:53 PM]   Cells 1-8 were removed from title start
[2/15/2026 2:17:53 PM]   Title #67 was added (29 cell(s), 0:09:53)
[2/15/2026 2:17:53 PM]   Cells 1-8 were removed from title start
[2/15/2026 2:17:53 PM]   Title #68 was added (19 cell(s), 0:06:29)
[2/15/2026 2:17:53 PM]   Operation successfully completed
[2/15/2026 2:17:53 PM]   Saving 1 titles into directory file://F:\Movies\G.I. Joe- The Rise of Cobra (2009)
[2/15/2026 2:17:53 PM]   Error 'OS error - The request could not be performed because of an I/O device error' occurred while writing data to 'F:\Movies\G.I. Joe- The Rise of Cobra (2009)/B1_t00.mkv' at offset '33554432'
[2/15/2026 2:17:53 PM]   Failed to save title 0 to file F:\Movies\G.I. Joe- The Rise of Cobra (2009)/B1_t00.mkv
[2/15/2026 2:17:53 PM]   0 titles saved, 1 failed
[2/15/2026 2:17:53 PM]   Copy complete. 0 titles saved, 1 failed.
[2/15/2026 2:17:53 PM]   [2/15/2026 2:17:52 PM] ERROR: MakeMKV did not produce an output file for title 0.
[2/15/2026 2:17:53 PM]   F:\Movies\G.I. Joe- The Rise of Cobra (2009)\G.I. Joe- The Rise of Cobra (2009).mkv
[2/15/2026 2:17:53 PM] ===============================================
[2/15/2026 2:17:53 PM]  AutoRip Completed Successfully
[2/15/2026 2:17:53 PM] ===============================================
[2/15/2026 2:17:53 PM] Prompting user for disc eject...
[2/15/2026 2:18:25 PM] User chose not to eject disc.
[2/15/2026 2:18:25 PM] === AutoRip Completed ===
