[2/22/2026 12:15:12 PM] === AutoRip Started ===
[2/22/2026 12:15:12 PM] Starting MakeMKV scan...
[2/22/2026 12:16:29 PM] MakeMKV scan completed. Parsing...
[2/22/2026 12:16:29 PM] Detected disc name: John Wick
[2/22/2026 12:17:07 PM] MakeMKV found 1 valid titles.
[2/22/2026 12:17:07 PM] Beginning main execution flow...
[2/22/2026 12:17:43 PM] Detecting movie versions...
[2/22/2026 12:17:43 PM] Only one valid title no version suffix required.
[2/22/2026 12:17:43 PM] Ripping movie disc: John Wick (2014)
[2/22/2026 12:17:43 PM] Created movie folder: C:\Users\dusti\Videos\John Wick (2014)
[2/22/2026 12:17:43 PM] Ripping title 2 to: C:\Users\dusti\Videos\John Wick (2014)\John Wick (2014).mkv
[2/22/2026 12:18:07 PM] Running: "C:\Program Files (x86)\MakeMKV\makemkvcon.exe" mkv disc:0 2 "C:\Users\dusti\Videos\John Wick (2014)" --minlength=120 --subtitle=eng
[2/22/2026 1:04:34 PM] Renaming ripped file: John Wick-B1_t02.mkv John Wick (2014).mkv
[2/22/2026 1:04:34 PM] Generating summary...
[2/22/2026 1:04:35 PM] ===============================================
[2/22/2026 1:04:35 PM]  AutoRip Summary
[2/22/2026 1:04:35 PM] ===============================================
[2/22/2026 1:04:35 PM] Disc Name: John Wick
[2/22/2026 1:04:35 PM] Disc Type: Movie
[2/22/2026 1:04:35 PM] Year: 2014
[2/22/2026 1:04:35 PM] Movie Title: John Wick
[2/22/2026 1:04:35 PM] 
[2/22/2026 1:04:35 PM] Ripped Versions:
[2/22/2026 1:04:35 PM]   Title 2: (Theatrical)
[2/22/2026 1:04:35 PM] 
[2/22/2026 1:04:35 PM] Output Files:
[2/22/2026 1:04:35 PM]   [2/22/2026 12:17:43 PM] Ripping movie disc: John Wick (2014)
[2/22/2026 1:04:35 PM]   [2/22/2026 12:17:43 PM] Ripping title 2 to: C:\Users\dusti\Videos\John Wick (2014)\John Wick (2014).mkv
[2/22/2026 1:04:35 PM]   [2/22/2026 12:18:07 PM] Running: "C:\Program Files (x86)\MakeMKV\makemkvcon.exe" mkv disc:0 2 "C:\Users\dusti\Videos\John Wick (2014)" --minlength=120 --subtitle=eng
[2/22/2026 1:04:35 PM]   MakeMKV v1.18.3 win(x86-release) started
[2/22/2026 1:04:35 PM]   You are running a 32-bit (x86) version of a program. Eventually this will be deprecated in upcoming versions, please upgrade to a processor manufactured during last 10 years...
[2/22/2026 1:04:35 PM]   Using direct disc access mode
[2/22/2026 1:04:35 PM]   Title #2 was added (6 cell(s), 0:07:57)
[2/22/2026 1:04:35 PM]   Title #3 was added (6 cell(s), 0:07:57)
[2/22/2026 1:04:35 PM]   Title #4 has length of 13 seconds which is less than minimum title length of 120 seconds and was therefore skipped
[2/22/2026 1:04:35 PM]   Title #5 has length of 22 seconds which is less than minimum title length of 120 seconds and was therefore skipped
[2/22/2026 1:04:35 PM]   Title #6 has length of 7 seconds which is less than minimum title length of 120 seconds and was therefore skipped
[2/22/2026 1:04:35 PM]   Cells 2-50 were removed from title end
[2/22/2026 1:04:35 PM]   Cells 2-19 were removed from title end
[2/22/2026 1:04:35 PM]   Title #19 was added (19 cell(s), 1:40:58)
[2/22/2026 1:04:35 PM]   Title #22 was added (19 cell(s), 1:40:58)
[2/22/2026 1:04:35 PM]   Title #22 in VTS 22 is equal to title #19 and was skipped
[2/22/2026 1:04:35 PM]   Operation successfully completed
[2/22/2026 1:04:35 PM]   Saving 1 titles into directory file://C:\Users\dusti\Videos\John Wick (2014)
[2/22/2026 1:04:35 PM]   1 titles saved
[2/22/2026 1:04:35 PM]   Copy complete. 1 titles saved.
[2/22/2026 1:04:35 PM]   [2/22/2026 1:04:34 PM] Renaming ripped file: John Wick-B1_t02.mkv John Wick (2014).mkv
[2/22/2026 1:04:35 PM]   C:\Users\dusti\Videos\John Wick (2014)\John Wick (2014).mkv
[2/22/2026 1:04:35 PM] ===============================================
[2/22/2026 1:04:35 PM]  AutoRip Completed Successfully
[2/22/2026 1:04:35 PM] ===============================================
[2/22/2026 1:04:35 PM] Prompting user for disc eject...
[2/22/2026 1:04:47 PM] User chose not to eject disc.
[2/22/2026 1:04:47 PM] === AutoRip Completed ===
